2018-12-20 15:29:06.432  INFO 3831 --- [main] com.sf.marathon.np.ServerApplication     : Starting ServerApplication on Justicer-P.local with PID 3831 (/Users/patrickpan/git_proj/np-mls-2018/mls-server/target/classes started by patrickpan in /Users/patrickpan/git_proj/np-mls-2018/mls-server)
2018-12-20 15:29:06.434  INFO 3831 --- [main] com.sf.marathon.np.ServerApplication     : No active profile set, falling back to default profiles: default
2018-12-20 15:29:06.472  INFO 3831 --- [main] ationConfigEmbeddedWebApplicationContext : Refreshing org.springframework.boot.context.embedded.AnnotationConfigEmbeddedWebApplicationContext@1188e820: startup date [Thu Dec 20 15:29:06 CST 2018]; root of context hierarchy
2018-12-20 15:29:07.213  INFO 3831 --- [main] s.b.c.e.t.TomcatEmbeddedServletContainer : Tomcat initialized with port(s): 8080 (http)
2018-12-20 15:29:07.222  INFO 3831 --- [main] o.apache.catalina.core.StandardService   : Starting service [Tomcat]
2018-12-20 15:29:07.223  INFO 3831 --- [main] org.apache.catalina.core.StandardEngine  : Starting Servlet Engine: Apache Tomcat/8.5.16
2018-12-20 15:29:07.281  INFO 3831 --- [localhost-startStop-1] o.a.c.c.C.[.[localhost].[/mls-np]        : Initializing Spring embedded WebApplicationContext
2018-12-20 15:29:07.282  INFO 3831 --- [localhost-startStop-1] o.s.web.context.ContextLoader            : Root WebApplicationContext: initialization completed in 812 ms
2018-12-20 15:29:07.359  INFO 3831 --- [localhost-startStop-1] o.s.b.w.servlet.ServletRegistrationBean  : Mapping servlet: 'dispatcherServlet' to [/]
2018-12-20 15:29:07.361  INFO 3831 --- [localhost-startStop-1] o.s.b.w.servlet.FilterRegistrationBean   : Mapping filter: 'characterEncodingFilter' to: [/*]
2018-12-20 15:29:07.362  INFO 3831 --- [localhost-startStop-1] o.s.b.w.servlet.FilterRegistrationBean   : Mapping filter: 'hiddenHttpMethodFilter' to: [/*]
2018-12-20 15:29:07.362  INFO 3831 --- [localhost-startStop-1] o.s.b.w.servlet.FilterRegistrationBean   : Mapping filter: 'httpPutFormContentFilter' to: [/*]
2018-12-20 15:29:07.362  INFO 3831 --- [localhost-startStop-1] o.s.b.w.servlet.FilterRegistrationBean   : Mapping filter: 'requestContextFilter' to: [/*]
2018-12-20 15:29:07.572  INFO 3831 --- [main] s.w.s.m.m.a.RequestMappingHandlerAdapter : Looking for @ControllerAdvice: org.springframework.boot.context.embedded.AnnotationConfigEmbeddedWebApplicationContext@1188e820: startup date [Thu Dec 20 15:29:06 CST 2018]; root of context hierarchy
2018-12-20 15:29:07.625  INFO 3831 --- [main] s.w.s.m.m.a.RequestMappingHandlerMapping : Mapped "{[/hello]}" onto public com.sf.marathon.np.controller.vo.resp.RestResponse<java.lang.String> com.sf.marathon.np.controller.ExampleController.example()
2018-12-20 15:29:07.628  INFO 3831 --- [main] s.w.s.m.m.a.RequestMappingHandlerMapping : Mapped "{[/error]}" onto public org.springframework.http.ResponseEntity<java.util.Map<java.lang.String, java.lang.Object>> org.springframework.boot.autoconfigure.web.BasicErrorController.error(javax.servlet.http.HttpServletRequest)
2018-12-20 15:29:07.630  INFO 3831 --- [main] s.w.s.m.m.a.RequestMappingHandlerMapping : Mapped "{[/error],produces=[text/html]}" onto public org.springframework.web.servlet.ModelAndView org.springframework.boot.autoconfigure.web.BasicErrorController.errorHtml(javax.servlet.http.HttpServletRequest,javax.servlet.http.HttpServletResponse)
2018-12-20 15:29:07.659  INFO 3831 --- [main] o.s.w.s.handler.SimpleUrlHandlerMapping  : Mapped URL path [/webjars/**] onto handler of type [class org.springframework.web.servlet.resource.ResourceHttpRequestHandler]
2018-12-20 15:29:07.659  INFO 3831 --- [main] o.s.w.s.handler.SimpleUrlHandlerMapping  : Mapped URL path [/**] onto handler of type [class org.springframework.web.servlet.resource.ResourceHttpRequestHandler]
2018-12-20 15:29:07.690  INFO 3831 --- [main] o.s.w.s.handler.SimpleUrlHandlerMapping  : Mapped URL path [/**/favicon.ico] onto handler of type [class org.springframework.web.servlet.resource.ResourceHttpRequestHandler]
2018-12-20 15:29:07.798  INFO 3831 --- [main] o.s.j.e.a.AnnotationMBeanExporter        : Registering beans for JMX exposure on startup
2018-12-20 15:29:07.849  INFO 3831 --- [main] s.b.c.e.t.TomcatEmbeddedServletContainer : Tomcat started on port(s): 8080 (http)
2018-12-20 15:29:07.853  INFO 3831 --- [main] com.sf.marathon.np.ServerApplication     : Started ServerApplication in 1.752 seconds (JVM running for 1.98)
2018-12-20 15:29:36.276  INFO 3831 --- [http-nio-8080-exec-3] o.a.c.c.C.[.[localhost].[/mls-np]        : Initializing Spring FrameworkServlet 'dispatcherServlet'
2018-12-20 15:29:36.276  INFO 3831 --- [http-nio-8080-exec-3] o.s.web.servlet.DispatcherServlet        : FrameworkServlet 'dispatcherServlet': initialization started
2018-12-20 15:29:36.289  INFO 3831 --- [http-nio-8080-exec-3] o.s.web.servlet.DispatcherServlet        : FrameworkServlet 'dispatcherServlet': initialization completed in 12 ms
2018-12-20 15:29:56.871  INFO 3831 --- [Thread-3] ationConfigEmbeddedWebApplicationContext : Closing org.springframework.boot.context.embedded.AnnotationConfigEmbeddedWebApplicationContext@1188e820: startup date [Thu Dec 20 15:29:06 CST 2018]; root of context hierarchy
2018-12-20 15:29:56.872  INFO 3831 --- [Thread-3] o.s.j.e.a.AnnotationMBeanExporter        : Unregistering JMX-exposed beans on shutdown
2018-12-20 16:07:13.919  INFO 3982 --- [main] com.sf.marathon.np.ServerApplication     : Starting ServerApplication on Justicer-P.local with PID 3982 (/Users/patrickpan/git_proj/np-mls-2018/mls-server/target/classes started by patrickpan in /Users/patrickpan/git_proj/np-mls-2018/mls-server)
2018-12-20 16:07:13.922  INFO 3982 --- [main] com.sf.marathon.np.ServerApplication     : No active profile set, falling back to default profiles: default
2018-12-20 16:07:13.964  INFO 3982 --- [main] ationConfigEmbeddedWebApplicationContext : Refreshing org.springframework.boot.context.embedded.AnnotationConfigEmbeddedWebApplicationContext@1188e820: startup date [Thu Dec 20 16:07:13 CST 2018]; root of context hierarchy
2018-12-20 16:07:14.660  INFO 3982 --- [main] s.b.c.e.t.TomcatEmbeddedServletContainer : Tomcat initialized with port(s): 8080 (http)
2018-12-20 16:07:14.667  INFO 3982 --- [main] o.apache.catalina.core.StandardService   : Starting service [Tomcat]
2018-12-20 16:07:14.668  INFO 3982 --- [main] org.apache.catalina.core.StandardEngine  : Starting Servlet Engine: Apache Tomcat/8.5.16
2018-12-20 16:07:14.726  INFO 3982 --- [localhost-startStop-1] o.a.c.c.C.[.[localhost].[/mls-np]        : Initializing Spring embedded WebApplicationContext
2018-12-20 16:07:14.726  INFO 3982 --- [localhost-startStop-1] o.s.web.context.ContextLoader            : Root WebApplicationContext: initialization completed in 764 ms
2018-12-20 16:07:14.805  INFO 3982 --- [localhost-startStop-1] o.s.b.w.servlet.ServletRegistrationBean  : Mapping servlet: 'dispatcherServlet' to [/]
2018-12-20 16:07:14.807  INFO 3982 --- [localhost-startStop-1] o.s.b.w.servlet.FilterRegistrationBean   : Mapping filter: 'characterEncodingFilter' to: [/*]
2018-12-20 16:07:14.807  INFO 3982 --- [localhost-startStop-1] o.s.b.w.servlet.FilterRegistrationBean   : Mapping filter: 'hiddenHttpMethodFilter' to: [/*]
2018-12-20 16:07:14.807  INFO 3982 --- [localhost-startStop-1] o.s.b.w.servlet.FilterRegistrationBean   : Mapping filter: 'httpPutFormContentFilter' to: [/*]
2018-12-20 16:07:14.808  INFO 3982 --- [localhost-startStop-1] o.s.b.w.servlet.FilterRegistrationBean   : Mapping filter: 'requestContextFilter' to: [/*]
2018-12-20 16:07:14.998  INFO 3982 --- [main] s.w.s.m.m.a.RequestMappingHandlerAdapter : Looking for @ControllerAdvice: org.springframework.boot.context.embedded.AnnotationConfigEmbeddedWebApplicationContext@1188e820: startup date [Thu Dec 20 16:07:13 CST 2018]; root of context hierarchy
2018-12-20 16:07:15.044  INFO 3982 --- [main] s.w.s.m.m.a.RequestMappingHandlerMapping : Mapped "{[/example/getExampleResp],methods=[GET]}" onto public com.sf.marathon.np.controller.vo.resp.RestResponse<com.sf.marathon.np.controller.vo.resp.ExampleResp> com.sf.marathon.np.controller.ExampleController.example2()
2018-12-20 16:07:15.045  INFO 3982 --- [main] s.w.s.m.m.a.RequestMappingHandlerMapping : Mapped "{[/example/hello],methods=[GET]}" onto public com.sf.marathon.np.controller.vo.resp.RestResponse<java.lang.String> com.sf.marathon.np.controller.ExampleController.example1()
2018-12-20 16:07:15.046  INFO 3982 --- [main] s.w.s.m.m.a.RequestMappingHandlerMapping : Mapped "{[/example/getExampleReq],methods=[GET]}" onto public com.sf.marathon.np.controller.vo.resp.RestResponse<com.sf.marathon.np.domain.ExampleDomain> com.sf.marathon.np.controller.ExampleController.example3(com.sf.marathon.np.controller.vo.req.ExampleReq)
2018-12-20 16:07:15.048  INFO 3982 --- [main] s.w.s.m.m.a.RequestMappingHandlerMapping : Mapped "{[/error]}" onto public org.springframework.http.ResponseEntity<java.util.Map<java.lang.String, java.lang.Object>> org.springframework.boot.autoconfigure.web.BasicErrorController.error(javax.servlet.http.HttpServletRequest)
2018-12-20 16:07:15.048  INFO 3982 --- [main] s.w.s.m.m.a.RequestMappingHandlerMapping : Mapped "{[/error],produces=[text/html]}" onto public org.springframework.web.servlet.ModelAndView org.springframework.boot.autoconfigure.web.BasicErrorController.errorHtml(javax.servlet.http.HttpServletRequest,javax.servlet.http.HttpServletResponse)
2018-12-20 16:07:15.072  INFO 3982 --- [main] o.s.w.s.handler.SimpleUrlHandlerMapping  : Mapped URL path [/webjars/**] onto handler of type [class org.springframework.web.servlet.resource.ResourceHttpRequestHandler]
2018-12-20 16:07:15.072  INFO 3982 --- [main] o.s.w.s.handler.SimpleUrlHandlerMapping  : Mapped URL path [/**] onto handler of type [class org.springframework.web.servlet.resource.ResourceHttpRequestHandler]
2018-12-20 16:07:15.095  INFO 3982 --- [main] o.s.w.s.handler.SimpleUrlHandlerMapping  : Mapped URL path [/**/favicon.ico] onto handler of type [class org.springframework.web.servlet.resource.ResourceHttpRequestHandler]
2018-12-20 16:07:15.186  INFO 3982 --- [main] o.s.j.e.a.AnnotationMBeanExporter        : Registering beans for JMX exposure on startup
2018-12-20 16:07:15.232  INFO 3982 --- [main] s.b.c.e.t.TomcatEmbeddedServletContainer : Tomcat started on port(s): 8080 (http)
2018-12-20 16:07:15.235  INFO 3982 --- [main] com.sf.marathon.np.ServerApplication     : Started ServerApplication in 1.507 seconds (JVM running for 1.732)
2018-12-20 16:07:42.477  INFO 3982 --- [http-nio-8080-exec-1] o.a.c.c.C.[.[localhost].[/mls-np]        : Initializing Spring FrameworkServlet 'dispatcherServlet'
2018-12-20 16:07:42.477  INFO 3982 --- [http-nio-8080-exec-1] o.s.web.servlet.DispatcherServlet        : FrameworkServlet 'dispatcherServlet': initialization started
2018-12-20 16:07:42.490  INFO 3982 --- [http-nio-8080-exec-1] o.s.web.servlet.DispatcherServlet        : FrameworkServlet 'dispatcherServlet': initialization completed in 12 ms
2018-12-20 16:22:27.448  WARN 3982 --- [http-nio-8080-exec-5] o.s.web.servlet.PageNotFound             : Request method 'POST' not supported
2018-12-20 16:23:27.271  INFO 3982 --- [Thread-3] ationConfigEmbeddedWebApplicationContext : Closing org.springframework.boot.context.embedded.AnnotationConfigEmbeddedWebApplicationContext@1188e820: startup date [Thu Dec 20 16:07:13 CST 2018]; root of context hierarchy
2018-12-20 16:23:27.272  INFO 3982 --- [Thread-3] o.s.j.e.a.AnnotationMBeanExporter        : Unregistering JMX-exposed beans on shutdown
2018-12-20 16:23:40.933  INFO 4078 --- [main] com.sf.marathon.np.ServerApplication     : Starting ServerApplication on Justicer-P.local with PID 4078 (/Users/patrickpan/git_proj/np-mls-2018/mls-server/target/classes started by patrickpan in /Users/patrickpan/git_proj/np-mls-2018/mls-server)
2018-12-20 16:23:40.935  INFO 4078 --- [main] com.sf.marathon.np.ServerApplication     : No active profile set, falling back to default profiles: default
2018-12-20 16:23:40.975  INFO 4078 --- [main] ationConfigEmbeddedWebApplicationContext : Refreshing org.springframework.boot.context.embedded.AnnotationConfigEmbeddedWebApplicationContext@1188e820: startup date [Thu Dec 20 16:23:40 CST 2018]; root of context hierarchy
2018-12-20 16:23:41.712  INFO 4078 --- [main] s.b.c.e.t.TomcatEmbeddedServletContainer : Tomcat initialized with port(s): 8080 (http)
2018-12-20 16:23:41.720  INFO 4078 --- [main] o.apache.catalina.core.StandardService   : Starting service [Tomcat]
2018-12-20 16:23:41.721  INFO 4078 --- [main] org.apache.catalina.core.StandardEngine  : Starting Servlet Engine: Apache Tomcat/8.5.16
2018-12-20 16:23:41.783  INFO 4078 --- [localhost-startStop-1] o.a.c.c.C.[.[localhost].[/mls-np]        : Initializing Spring embedded WebApplicationContext
2018-12-20 16:23:41.783  INFO 4078 --- [localhost-startStop-1] o.s.web.context.ContextLoader            : Root WebApplicationContext: initialization completed in 810 ms
2018-12-20 16:23:41.861  INFO 4078 --- [localhost-startStop-1] o.s.b.w.servlet.ServletRegistrationBean  : Mapping servlet: 'dispatcherServlet' to [/]
2018-12-20 16:23:41.864  INFO 4078 --- [localhost-startStop-1] o.s.b.w.servlet.FilterRegistrationBean   : Mapping filter: 'characterEncodingFilter' to: [/*]
2018-12-20 16:23:41.864  INFO 4078 --- [localhost-startStop-1] o.s.b.w.servlet.FilterRegistrationBean   : Mapping filter: 'hiddenHttpMethodFilter' to: [/*]
2018-12-20 16:23:41.864  INFO 4078 --- [localhost-startStop-1] o.s.b.w.servlet.FilterRegistrationBean   : Mapping filter: 'httpPutFormContentFilter' to: [/*]
2018-12-20 16:23:41.864  INFO 4078 --- [localhost-startStop-1] o.s.b.w.servlet.FilterRegistrationBean   : Mapping filter: 'requestContextFilter' to: [/*]
2018-12-20 16:23:42.062  INFO 4078 --- [main] s.w.s.m.m.a.RequestMappingHandlerAdapter : Looking for @ControllerAdvice: org.springframework.boot.context.embedded.AnnotationConfigEmbeddedWebApplicationContext@1188e820: startup date [Thu Dec 20 16:23:40 CST 2018]; root of context hierarchy
2018-12-20 16:23:42.111  INFO 4078 --- [main] s.w.s.m.m.a.RequestMappingHandlerMapping : Mapped "{[/example/getExampleResp],methods=[GET]}" onto public com.sf.marathon.np.controller.vo.resp.RestResponse<com.sf.marathon.np.controller.vo.resp.ExampleResp> com.sf.marathon.np.controller.ExampleController.example2()
2018-12-20 16:23:42.112  INFO 4078 --- [main] s.w.s.m.m.a.RequestMappingHandlerMapping : Mapped "{[/example/hello],methods=[GET]}" onto public com.sf.marathon.np.controller.vo.resp.RestResponse<java.lang.String> com.sf.marathon.np.controller.ExampleController.example1()
2018-12-20 16:23:42.113  INFO 4078 --- [main] s.w.s.m.m.a.RequestMappingHandlerMapping : Mapped "{[/example/getExampleReq],methods=[POST]}" onto public com.sf.marathon.np.controller.vo.resp.RestResponse<com.sf.marathon.np.domain.ExampleDomain> com.sf.marathon.np.controller.ExampleController.example3(com.sf.marathon.np.controller.vo.req.ExampleReq)
2018-12-20 16:23:42.115  INFO 4078 --- [main] s.w.s.m.m.a.RequestMappingHandlerMapping : Mapped "{[/error]}" onto public org.springframework.http.ResponseEntity<java.util.Map<java.lang.String, java.lang.Object>> org.springframework.boot.autoconfigure.web.BasicErrorController.error(javax.servlet.http.HttpServletRequest)
2018-12-20 16:23:42.115  INFO 4078 --- [main] s.w.s.m.m.a.RequestMappingHandlerMapping : Mapped "{[/error],produces=[text/html]}" onto public org.springframework.web.servlet.ModelAndView org.springframework.boot.autoconfigure.web.BasicErrorController.errorHtml(javax.servlet.http.HttpServletRequest,javax.servlet.http.HttpServletResponse)
2018-12-20 16:23:42.141  INFO 4078 --- [main] o.s.w.s.handler.SimpleUrlHandlerMapping  : Mapped URL path [/webjars/**] onto handler of type [class org.springframework.web.servlet.resource.ResourceHttpRequestHandler]
2018-12-20 16:23:42.141  INFO 4078 --- [main] o.s.w.s.handler.SimpleUrlHandlerMapping  : Mapped URL path [/**] onto handler of type [class org.springframework.web.servlet.resource.ResourceHttpRequestHandler]
2018-12-20 16:23:42.171  INFO 4078 --- [main] o.s.w.s.handler.SimpleUrlHandlerMapping  : Mapped URL path [/**/favicon.ico] onto handler of type [class org.springframework.web.servlet.resource.ResourceHttpRequestHandler]
2018-12-20 16:23:42.270  INFO 4078 --- [main] o.s.j.e.a.AnnotationMBeanExporter        : Registering beans for JMX exposure on startup
2018-12-20 16:23:42.319  INFO 4078 --- [main] s.b.c.e.t.TomcatEmbeddedServletContainer : Tomcat started on port(s): 8080 (http)
2018-12-20 16:23:42.323  INFO 4078 --- [main] com.sf.marathon.np.ServerApplication     : Started ServerApplication in 1.755 seconds (JVM running for 1.984)
2018-12-20 16:23:45.490  INFO 4078 --- [http-nio-8080-exec-2] o.a.c.c.C.[.[localhost].[/mls-np]        : Initializing Spring FrameworkServlet 'dispatcherServlet'
2018-12-20 16:23:45.491  INFO 4078 --- [http-nio-8080-exec-2] o.s.web.servlet.DispatcherServlet        : FrameworkServlet 'dispatcherServlet': initialization started
2018-12-20 16:23:45.501  INFO 4078 --- [http-nio-8080-exec-2] o.s.web.servlet.DispatcherServlet        : FrameworkServlet 'dispatcherServlet': initialization completed in 10 ms
2018-12-20 16:24:22.041  INFO 4078 --- [Thread-3] ationConfigEmbeddedWebApplicationContext : Closing org.springframework.boot.context.embedded.AnnotationConfigEmbeddedWebApplicationContext@1188e820: startup date [Thu Dec 20 16:23:40 CST 2018]; root of context hierarchy
2018-12-20 16:24:22.042  INFO 4078 --- [Thread-3] o.s.j.e.a.AnnotationMBeanExporter        : Unregistering JMX-exposed beans on shutdown
